2016 мар 03 10:03:19,971 INFO  [rad.Main2] Main entry 1 with parameters: -Dlidar.data.file=resources/count-1.txt -Drun.par.file.path=resources/lidar.xml 
2016 мар 03 10:03:19,980 INFO  [rad.Main2] Resolved settings in conf.properties are:
2016 мар 03 10:03:19,981 INFO  [rad.Main2] debug.mode.flag = false
2016 мар 03 10:03:19,982 INFO  [rad.Main2] split.dir.path = 
2016 мар 03 10:03:19,982 INFO  [rad.Main2] worker.dir.name = res
2016 мар 03 10:03:19,983 INFO  [rad.Main2] model.cira86.name = CIRA86
2016 мар 03 10:03:19,983 INFO  [rad.Main2] data.dir.path = 
2016 мар 03 10:03:19,983 INFO  [rad.Main2] model.seebor.name = SEEBOR
2016 мар 03 10:03:19,984 INFO  [rad.Main2] run.iter.file.path = 
2016 мар 03 10:03:19,984 INFO  [rad.Main2] lidar.data.file = resources/count-1.txt
2016 мар 03 10:03:19,985 INFO  [rad.Main2] run.gui.flag = false
2016 мар 03 10:03:19,985 INFO  [rad.Main2] parent.model.path = D:\sci-pro\rad/models
2016 мар 03 10:03:19,986 INFO  [rad.Main2] gnuplot.bin.path = D:\sci-pro\rad/gnuplot/bin/wgnuplot_pipes.exe
2016 мар 03 10:03:19,986 INFO  [rad.Main2] data.file.path = 
2016 мар 03 10:03:19,987 INFO  [rad.Main2] add.time.flag = true
2016 мар 03 10:03:19,987 INFO  [rad.Main2] use.cash.flag = true
2016 мар 03 10:03:19,987 INFO  [rad.Main2] stay.chart.flag = true
2016 мар 03 10:03:19,987 INFO  [rad.Main2] model.afgl.name = AFGL
2016 мар 03 10:03:19,988 INFO  [rad.Main2] tmp.dir.name = tmp
2016 мар 03 10:03:19,988 INFO  [rad.Main2] run.par.file.path = resources/lidar.xml
2016 мар 03 10:03:19,988 INFO  [rad.Main2] browser.run.flag = false
2016 мар 03 10:03:19,988 INFO  [rad.Main2] run.par.dir.path = 
2016 мар 03 10:03:19,988 INFO  [rad.Main2] app.home.path = D:\sci-pro\rad
2016 мар 03 10:03:19,989 INFO  [rad.Main2] split.file.path = 
2016 мар 03 10:03:19,989 INFO  [rad.Main2] error.stop.flag = true
2016 мар 03 10:03:19,990 WARN  [rad.Main2] Property run.par.file.path is defined THAN Properties will be ignored:

2016 мар 03 10:03:19,990 WARN  [rad.Main2]  run.par.dir.path = 

2016 мар 03 10:03:19,991 WARN  [rad.Main2]  split.dir.path = 

2016 мар 03 10:03:20,053 INFO  [rad.Main2] 
2016 мар 03 10:03:20,148 INFO  [platform.ChargeRAD] Begin charging nodes for current worker
2016 мар 03 10:03:20,149 INFO  [platform.ChargeRAD] Running Computation Module: rad.bin.RunnerLoad
2016 мар 03 10:03:20,151 INFO  [rad.bin.Runner] Loading LIDAR signals
2016 мар 03 10:03:20,151 INFO  [rad.bin.Runner] rad.bin.RunnerLoad
2016 мар 03 10:03:20,540 WARN  [rad.bin.Runner] File not found in getFile(): signal.txt
2016 мар 03 10:03:20,540 INFO  [rad.bin.Runner] Sucsessfully Getting OutFile name for Mask File Name : signal.txt := signal.txt
2016 мар 03 10:03:20,687 INFO  [rad.bin.Runner] No graphics node, or graph node is empty
2016 мар 03 10:03:20,688 INFO  [platform.ChargeRAD] Running Computation Module: rad.bin.RunnerCorrect
2016 мар 03 10:03:20,689 INFO  [rad.bin.Runner] Correcting LIDAR signals
2016 мар 03 10:03:20,689 INFO  [rad.bin.Runner] rad.bin.RunnerCorrect
2016 мар 03 10:03:20,795 INFO  [rad.bin.Runner] Sucsessfully Getting OutFile name for Mask File Name : signal*.txt := signal.correct.txt
2016 мар 03 10:03:23,495 INFO  [rad.bin.Runner] Sucsessfully Getting OutFile name for Mask File Name : signal*.txt := signal.correct.txt
2016 мар 03 10:03:23,555 INFO  [platform.ChargeRAD] All nodes for current worker finished
